\BOOKMARK [1][-]{Doc-Start}{Abstract}{}% 1
\BOOKMARK [1][-]{Doc-Start}{Preface}{}% 2
\BOOKMARK [1][-]{Doc-Start}{Acknowledgements}{}% 3
\BOOKMARK [0][-]{chapter*.2}{List of Tables}{}% 4
\BOOKMARK [0][-]{chapter*.3}{List of Figures}{}% 5
\BOOKMARK [0][-]{chapter*.4}{List of Symbols}{}% 6
\BOOKMARK [0][-]{chapter.1}{Introduction}{}% 7
\BOOKMARK [1][-]{section.1.1}{Embedded Systems and Energy Consumption}{chapter.1}% 8
\BOOKMARK [1][-]{section.1.2}{Dynamic Data Intensive Applications}{chapter.1}% 9
\BOOKMARK [1][-]{section.1.3}{Problem Statement}{chapter.1}% 10
\BOOKMARK [1][-]{section.1.4}{Current approaches and problems}{chapter.1}% 11
\BOOKMARK [1][-]{section.1.5}{Thesis contributions}{chapter.1}% 12
\BOOKMARK [1][-]{section.1.6}{Thesis Outline}{chapter.1}% 13
\BOOKMARK [0][-]{chapter.2}{Background}{}% 14
\BOOKMARK [1][-]{section.2.1}{Data and Memory Management Approaches}{chapter.2}% 15
\BOOKMARK [1][-]{section.2.2}{Data Transfer and Storage Exploration}{chapter.2}% 16
\BOOKMARK [1][-]{section.2.3}{System Scenarios}{chapter.2}% 17
\BOOKMARK [2][-]{subsection.2.3.1}{Use-Case vs. System Scenarios}{section.2.3}% 18
\BOOKMARK [1][-]{section.2.4}{Scratch-pad Memory Architectures - related work incl}{chapter.2}% 19
\BOOKMARK [0][-]{chapter.3}{Solution Approach}{}% 20
\BOOKMARK [1][-]{section.3.1}{Target platform architecture}{chapter.3}% 21
\BOOKMARK [2][-]{subsection.3.1.1}{Target memory platform architecture}{section.3.1}% 22
\BOOKMARK [2][-]{subsection.3.1.2}{Memory models}{section.3.1}% 23
\BOOKMARK [2][-]{subsection.3.1.3}{Technology scaling}{section.3.1}% 24
\BOOKMARK [1][-]{section.3.2}{Data variable based memory-aware system scenario methodology}{chapter.3}% 25
\BOOKMARK [2][-]{subsection.3.2.1}{Design-time profiling based on data variables}{section.3.2}% 26
\BOOKMARK [2][-]{subsection.3.2.2}{Design-time system scenario identification based on data variables}{section.3.2}% 27
\BOOKMARK [2][-]{subsection.3.2.3}{Run-time system scenario detection and switching based on data variables}{section.3.2}% 28
\BOOKMARK [2][-]{subsection.3.2.4}{Interleaving exploration based on data variables}{section.3.2}% 29
\BOOKMARK [0][-]{chapter.4}{Research Results and Contributions}{}% 30
\BOOKMARK [1][-]{section.4.1}{Contribution A: Memory-Aware Methodology Development}{chapter.4}% 31
\BOOKMARK [1][-]{section.4.2}{Contribution B: System Scenarios on Memory and PEs}{chapter.4}% 32
\BOOKMARK [1][-]{section.4.3}{Contribution C: Integrated Interleaving and Data-to-Memory Mapping}{chapter.4}% 33
\BOOKMARK [1][-]{section.4.4}{Contribution D: Interconnection Cost Modeling and Scaling}{chapter.4}% 34
\BOOKMARK [1][-]{section.4.5}{Paper A.I - Abstract - My contribution}{chapter.4}% 35
\BOOKMARK [1][-]{section.4.6}{Paper A.II}{chapter.4}% 36
\BOOKMARK [1][-]{section.4.7}{Paper A.III}{chapter.4}% 37
\BOOKMARK [1][-]{section.4.8}{Paper B.I}{chapter.4}% 38
\BOOKMARK [1][-]{section.4.9}{Paper C.I}{chapter.4}% 39
\BOOKMARK [1][-]{section.4.10}{Paper D.I}{chapter.4}% 40
\BOOKMARK [0][-]{chapter.5}{Conclusions}{}% 41
\BOOKMARK [0][-]{appendix.A}{Energy Impact of Memory-Aware System Scenario Approach}{}% 42
\BOOKMARK [1][-]{section.A.1}{Introduction}{appendix.A}% 43
\BOOKMARK [1][-]{section.A.2}{Related Work and Contribution Discussion}{appendix.A}% 44
\BOOKMARK [1][-]{section.A.3}{Extended System Scenario Methodology}{appendix.A}% 45
\BOOKMARK [2][-]{subsection.A.3.1}{General description of system scenario methodology}{section.A.3}% 46
\BOOKMARK [2][-]{subsection.A.3.2}{Design-time Profiling}{section.A.3}% 47
\BOOKMARK [2][-]{subsection.A.3.3}{Design-time Scenario Identification and Prediction}{section.A.3}% 48
\BOOKMARK [2][-]{subsection.A.3.4}{Run-time Identification, Detection, and Switching}{section.A.3}% 49
\BOOKMARK [1][-]{section.A.4}{Target Platform}{appendix.A}% 50
\BOOKMARK [1][-]{section.A.5}{Application Benchmarks}{appendix.A}% 51
\BOOKMARK [2][-]{subsection.A.5.1}{Epileptic Seizure Predictor}{section.A.5}% 52
\BOOKMARK [2][-]{subsection.A.5.2}{Viterbi Algorithm Encoder}{section.A.5}% 53
\BOOKMARK [1][-]{section.A.6}{Results}{appendix.A}% 54
\BOOKMARK [1][-]{section.A.7}{Conclusion}{appendix.A}% 55
\BOOKMARK [0][-]{appendix.B}{Exploration of energy efficient memory organisations for dynamic multimedia applications using system scenarios}{}% 56
\BOOKMARK [1][-]{section.B.1}{Introduction}{appendix.B}% 57
\BOOKMARK [1][-]{section.B.2}{Motivational Example}{appendix.B}% 58
\BOOKMARK [1][-]{section.B.3}{Related Work and Contribution Discussion}{appendix.B}% 59
\BOOKMARK [1][-]{section.B.4}{Data Variable Based Memory-Aware System Scenario Methodology}{appendix.B}% 60
\BOOKMARK [2][-]{subsection.B.4.1}{Design-time Profiling Based on Data Variables}{section.B.4}% 61
\BOOKMARK [2][-]{subsection.B.4.2}{Design-time System Scenario Identification Based on Data Variables}{section.B.4}% 62
\BOOKMARK [2][-]{subsection.B.4.3}{Run-time System Scenario Detection and Switching Based on Data Variables}{section.B.4}% 63
\BOOKMARK [1][-]{section.B.5}{Target Platform and Energy Models}{appendix.B}% 64
\BOOKMARK [2][-]{subsection.B.5.1}{Target Memory Platform Architecture}{section.B.5}% 65
\BOOKMARK [2][-]{subsection.B.5.2}{Models of Different Memory Types}{section.B.5}% 66
\BOOKMARK [2][-]{subsection.B.5.3}{Total Energy Consumption Calculation}{section.B.5}% 67
\BOOKMARK [2][-]{subsection.B.5.4}{Memory Architecture Exploration}{section.B.5}% 68
\BOOKMARK [1][-]{section.B.6}{Application Benchmarks}{appendix.B}% 69
\BOOKMARK [2][-]{subsection.B.6.1}{Benchmark Applications and Corresponding Input Databases}{section.B.6}% 70
\BOOKMARK [2][-]{subsection.B.6.2}{Classification of Applications Based on Dynamic Characteristics}{section.B.6}% 71
\BOOKMARK [1][-]{section.B.7}{Results}{appendix.B}% 72
\BOOKMARK [2][-]{subsection.B.7.1}{Classification of the Applications}{section.B.7}% 73
\BOOKMARK [2][-]{subsection.B.7.2}{Switching Overhead}{section.B.7}% 74
\BOOKMARK [2][-]{subsection.B.7.3}{Comparison with Use Case Scenario}{section.B.7}% 75
\BOOKMARK [2][-]{subsection.B.7.4}{Run-Time Overhead}{section.B.7}% 76
\BOOKMARK [1][-]{section.B.8}{Conclusions}{appendix.B}% 77
\BOOKMARK [0][-]{appendix.C}{Integrated Exploration Methodology for Data Interleaving and Data-to-Memory Mapping on SIMD architectures}{}% 78
\BOOKMARK [1][-]{section.C.1}{Introduction}{appendix.C}% 79
\BOOKMARK [1][-]{section.C.2}{Motivational Example}{appendix.C}% 80
\BOOKMARK [1][-]{section.C.3}{Related work}{appendix.C}% 81
\BOOKMARK [1][-]{section.C.4}{Target Architecture and Energy Models}{appendix.C}% 82
\BOOKMARK [2][-]{subsection.C.4.1}{Memory Models}{section.C.4}% 83
\BOOKMARK [2][-]{subsection.C.4.2}{Functional Unit Models}{section.C.4}% 84
\BOOKMARK [1][-]{section.C.5}{System Design Exploration Work-flow}{appendix.C}% 85
\BOOKMARK [2][-]{subsection.C.5.1}{Formal Model Representation of Access Patterns }{section.C.5}% 86
\BOOKMARK [2][-]{subsection.C.5.2}{Data Interleaving Exploration}{section.C.5}% 87
\BOOKMARK [2][-]{subsection.C.5.3}{Data-to-Memory Mapping Exploration}{section.C.5}% 88
\BOOKMARK [2][-]{subsection.C.5.4}{One way constraint propagation}{section.C.5}% 89
\BOOKMARK [1][-]{section.C.6}{Applications}{appendix.C}% 90
\BOOKMARK [1][-]{section.C.7}{Results}{appendix.C}% 91
\BOOKMARK [2][-]{subsection.C.7.1}{Motivational Example}{section.C.7}% 92
\BOOKMARK [2][-]{subsection.C.7.2}{SOR Benchmark}{section.C.7}% 93
\BOOKMARK [2][-]{subsection.C.7.3}{FFT Benchmark}{section.C.7}% 94
\BOOKMARK [2][-]{subsection.C.7.4}{Motion Estimation Benchmark}{section.C.7}% 95
\BOOKMARK [1][-]{section.C.8}{Conclusion}{appendix.C}% 96
\BOOKMARK [0][-]{appendix.D}{Technology scaling impact on the interconnection of clustered scratchpad memory architectures}{}% 97
\BOOKMARK [1][-]{section.D.1}{Introduction}{appendix.D}% 98
\BOOKMARK [1][-]{section.D.2}{Related Work}{appendix.D}% 99
\BOOKMARK [1][-]{section.D.3}{Current technology}{appendix.D}% 100
\BOOKMARK [2][-]{subsection.D.3.1}{Generic Work-flow}{section.D.3}% 101
\BOOKMARK [2][-]{subsection.D.3.2}{Example design: synthesis and simulation}{section.D.3}% 102
\BOOKMARK [1][-]{section.D.4}{Technology Scaling}{appendix.D}% 103
\BOOKMARK [2][-]{subsection.D.4.1}{Memory Banks}{section.D.4}% 104
\BOOKMARK [2][-]{subsection.D.4.2}{Interconnection}{section.D.4}% 105
\BOOKMARK [1][-]{section.D.5}{Model Construction and Projection Results}{appendix.D}% 106
\BOOKMARK [1][-]{section.D.6}{Conclusion}{appendix.D}% 107
\BOOKMARK [0][-]{appendix.E}{Systematic Exploration of Power-Aware Scenarios for IEEE 802.11ac WLAN Systems}{}% 108
\BOOKMARK [1][-]{section.E.1}{Introduction}{appendix.E}% 109
\BOOKMARK [1][-]{section.E.2}{Related Work}{appendix.E}% 110
\BOOKMARK [1][-]{section.E.3}{System Scenario Principles}{appendix.E}% 111
\BOOKMARK [1][-]{section.E.4}{System Model}{appendix.E}% 112
\BOOKMARK [2][-]{subsection.E.4.1}{Antennas Signal Power }{section.E.4}% 113
\BOOKMARK [2][-]{subsection.E.4.2}{Memory Banks}{section.E.4}% 114
\BOOKMARK [2][-]{subsection.E.4.3}{Combined Model}{section.E.4}% 115
\BOOKMARK [1][-]{section.E.5}{Case Study}{appendix.E}% 116
\BOOKMARK [1][-]{section.E.6}{Results}{appendix.E}% 117
\BOOKMARK [1][-]{section.E.7}{Conclusion}{appendix.E}% 118
